2025-12-09 23:01:09,287 INFO: Microblog startup [in /Users/kentonlee/Desktop/Coding Projects/Microblog/app/__init__.py:43]
2025-12-09 23:02:38,476 INFO: Microblog startup [in /Users/kentonlee/Desktop/Coding Projects/Microblog/app/__init__.py:43]
2025-12-10 16:17:14,404 INFO: Microblog startup [in /Users/kentonlee/Desktop/Coding Projects/Microblog/app/__init__.py:43]
2025-12-10 16:17:31,968 INFO: Microblog startup [in /Users/kentonlee/Desktop/Coding Projects/Microblog/app/__init__.py:43]
2025-12-10 16:54:16,351 INFO: Microblog startup [in /Users/kentonlee/Desktop/Coding Projects/Microblog/app/__init__.py:43]
2025-12-10 16:55:59,573 INFO: Microblog startup [in /Users/kentonlee/Desktop/Coding Projects/Microblog/app/__init__.py:43]
2025-12-10 16:56:17,048 INFO: Microblog startup [in /Users/kentonlee/Desktop/Coding Projects/Microblog/app/__init__.py:43]
2025-12-10 16:57:45,831 INFO: Microblog startup [in /Users/kentonlee/Desktop/Coding Projects/Microblog/app/__init__.py:43]
2025-12-10 16:58:24,215 INFO: Microblog startup [in /Users/kentonlee/Desktop/Coding Projects/Microblog/app/__init__.py:43]
2025-12-10 16:58:48,607 INFO: Microblog startup [in /Users/kentonlee/Desktop/Coding Projects/Microblog/app/__init__.py:43]
2025-12-10 17:13:06,255 INFO: Microblog startup [in /Users/kentonlee/Desktop/Coding Projects/Microblog/app/__init__.py:43]
2026-01-01 14:09:21,407 INFO: Microblog startup [in /Users/kentonlee/Desktop/Coding Projects/Microblog/app/__init__.py:43]
2026-01-01 14:36:56,447 INFO: Microblog startup [in /Users/kentonlee/Desktop/Coding Projects/Microblog/app/__init__.py:43]
2026-01-01 14:47:01,571 INFO: Microblog startup [in /Users/kentonlee/Desktop/Coding Projects/Microblog/app/__init__.py:43]
2026-01-01 14:47:28,904 INFO: Microblog startup [in /Users/kentonlee/Desktop/Coding Projects/Microblog/app/__init__.py:43]
2026-01-01 14:53:18,927 INFO: Microblog startup [in /Users/kentonlee/Desktop/Coding Projects/Microblog/app/__init__.py:43]
2026-01-01 14:59:11,216 INFO: Microblog startup [in /Users/kentonlee/Desktop/Coding Projects/Microblog/app/__init__.py:43]
2026-01-01 14:59:25,349 ERROR: Exception on /user/kentonlee044 [GET] [in /Users/kentonlee/Desktop/Coding Projects/Microblog/venv/lib/python3.13/site-packages/flask/app.py:875]
Traceback (most recent call last):
  File "/Users/kentonlee/Desktop/Coding Projects/Microblog/venv/lib/python3.13/site-packages/flask/app.py", line 1511, in wsgi_app
    response = self.full_dispatch_request()
  File "/Users/kentonlee/Desktop/Coding Projects/Microblog/venv/lib/python3.13/site-packages/flask/app.py", line 919, in full_dispatch_request
    rv = self.handle_user_exception(e)
  File "/Users/kentonlee/Desktop/Coding Projects/Microblog/venv/lib/python3.13/site-packages/flask/app.py", line 917, in full_dispatch_request
    rv = self.dispatch_request()
  File "/Users/kentonlee/Desktop/Coding Projects/Microblog/venv/lib/python3.13/site-packages/flask/app.py", line 902, in dispatch_request
    return self.ensure_sync(self.view_functions[rule.endpoint])(**view_args)  # type: ignore[no-any-return]
           ~~~~~~~~~~~~~~~~~~~~~~~~~~~~~~~~~~~~~~~~~~~~~~~~~~~~^^^^^^^^^^^^^
  File "/Users/kentonlee/Desktop/Coding Projects/Microblog/venv/lib/python3.13/site-packages/flask_login/utils.py", line 290, in decorated_view
    return current_app.ensure_sync(func)(*args, **kwargs)
           ~~~~~~~~~~~~~~~~~~~~~~~~~~~~~^^^^^^^^^^^^^^^^^
  File "/Users/kentonlee/Desktop/Coding Projects/Microblog/app/routes.py", line 70, in user
    page = requests.args.get('page', 1, type=int)
           ^^^^^^^^
NameError: name 'requests' is not defined. Did you mean: 'request'?
2026-01-01 14:59:36,055 ERROR: Exception on /user/kentonlee044 [GET] [in /Users/kentonlee/Desktop/Coding Projects/Microblog/venv/lib/python3.13/site-packages/flask/app.py:875]
Traceback (most recent call last):
  File "/Users/kentonlee/Desktop/Coding Projects/Microblog/venv/lib/python3.13/site-packages/flask/app.py", line 1511, in wsgi_app
    response = self.full_dispatch_request()
  File "/Users/kentonlee/Desktop/Coding Projects/Microblog/venv/lib/python3.13/site-packages/flask/app.py", line 919, in full_dispatch_request
    rv = self.handle_user_exception(e)
  File "/Users/kentonlee/Desktop/Coding Projects/Microblog/venv/lib/python3.13/site-packages/flask/app.py", line 917, in full_dispatch_request
    rv = self.dispatch_request()
  File "/Users/kentonlee/Desktop/Coding Projects/Microblog/venv/lib/python3.13/site-packages/flask/app.py", line 902, in dispatch_request
    return self.ensure_sync(self.view_functions[rule.endpoint])(**view_args)  # type: ignore[no-any-return]
           ~~~~~~~~~~~~~~~~~~~~~~~~~~~~~~~~~~~~~~~~~~~~~~~~~~~~^^^^^^^^^^^^^
  File "/Users/kentonlee/Desktop/Coding Projects/Microblog/venv/lib/python3.13/site-packages/flask_login/utils.py", line 290, in decorated_view
    return current_app.ensure_sync(func)(*args, **kwargs)
           ~~~~~~~~~~~~~~~~~~~~~~~~~~~~~^^^^^^^^^^^^^^^^^
  File "/Users/kentonlee/Desktop/Coding Projects/Microblog/app/routes.py", line 70, in user
    page = requests.args.get('page', 1, type=int)
           ^^^^^^^^
NameError: name 'requests' is not defined. Did you mean: 'request'?
2026-01-01 15:01:15,329 INFO: Microblog startup [in /Users/kentonlee/Desktop/Coding Projects/Microblog/app/__init__.py:43]
2026-01-01 15:01:38,635 INFO: Microblog startup [in /Users/kentonlee/Desktop/Coding Projects/Microblog/app/__init__.py:43]
